<?xml version="1.0" encoding="UTF-8" ?>
<testsuite tests="5" failures="0" name="FirstTest" time="0.023" errors="0" skipped="0">
  <properties>
    <property name="idea.version" value="2021.3.3"/>
    <property name="java.runtime.name" value="OpenJDK Runtime Environment"/>
    <property name="java.vm.version" value="16.0.2+7"/>
    <property name="sun.boot.library.path" value="C:\Users\Родин Алексей\.jdks\corretto-16.0.2\bin"/>
    <property name="maven.multiModuleProjectDirectory" value="C:\Users\Родин Алексей\Desktop\7 семестр\Баранчиков. Параллельное программирование\parallel-programming"/>
    <property name="java.vm.vendor" value="Amazon.com Inc."/>
    <property name="java.vendor.url" value="https://aws.amazon.com/corretto/"/>
    <property name="guice.disable.misplaced.annotation.check" value="true"/>
    <property name="path.separator" value=";"/>
    <property name="java.vm.name" value="OpenJDK 64-Bit Server VM"/>
    <property name="sun.os.patch.level" value=""/>
    <property name="user.script" value=""/>
    <property name="user.country" value="RU"/>
    <property name="sun.java.launcher" value="SUN_STANDARD"/>
    <property name="java.vm.specification.name" value="Java Virtual Machine Specification"/>
    <property name="user.dir" value="C:\Users\Родин Алексей\Desktop\7 семестр\Баранчиков. Параллельное программирование\parallel-programming"/>
    <property name="java.vm.compressedOopsMode" value="32-bit"/>
    <property name="java.runtime.version" value="16.0.2+7"/>
    <property name="os.arch" value="amd64"/>
    <property name="java.io.tmpdir" value="C:\Users\180D~1\AppData\Local\Temp\"/>
    <property name="line.separator" value="
"/>
    <property name="java.vm.specification.vendor" value="Oracle Corporation"/>
    <property name="user.variant" value=""/>
    <property name="os.name" value="Windows 10"/>
    <property name="maven.ext.class.path" value="C:\Users\Родин Алексей\AppData\Local\JetBrains\Toolbox\apps\IDEA-U\ch-0\213.7172.25\plugins\maven\lib\maven-event-listener.jar"/>
    <property name="classworlds.conf" value="C:\Users\Родин Алексей\AppData\Local\JetBrains\Toolbox\apps\IDEA-U\ch-0\213.7172.25\plugins\maven\lib\maven3\bin\m2.conf"/>
    <property name="sun.jnu.encoding" value="Cp1251"/>
    <property name="java.library.path" value="C:\Users\Родин Алексей\.jdks\corretto-16.0.2\bin;C:\Windows\Sun\Java\bin;C:\Windows\system32;C:\Windows;C:\Windows\system32;C:\Windows;C:\Windows\System32\Wbem;C:\Windows\System32\WindowsPowerShell\v1.0\;C:\Windows\System32\OpenSSH\;C:\Program Files\dotnet\;C:\Program Files\Git\cmd;C:\Program Files (x86)\dotnet\;C:\Program Files\MySQL\MySQL Shell 8.0\bin\;C:\Users\Родин Алексей\AppData\Local\Microsoft\WindowsApps;C:\Users\Родин Алексей\.dotnet\tools;C:\Users\Родин Алексей\AppData\Local\Programs\Microsoft VS Code\bin;C:\Users\Родин Алексей\AppData\Local\JetBrains\Toolbox\scripts;."/>
    <property name="maven.conf" value="C:\Users\Родин Алексей\AppData\Local\JetBrains\Toolbox\apps\IDEA-U\ch-0\213.7172.25\plugins\maven\lib\maven3/conf"/>
    <property name="jdk.debug" value="release"/>
    <property name="java.class.version" value="60.0"/>
    <property name="java.specification.name" value="Java Platform API Specification"/>
    <property name="sun.management.compiler" value="HotSpot 64-Bit Tiered Compilers"/>
    <property name="os.version" value="10.0"/>
    <property name="user.home" value="C:\Users\Родин Алексей"/>
    <property name="user.timezone" value="Europe/Moscow"/>
    <property name="file.encoding" value="UTF-8"/>
    <property name="java.specification.version" value="16"/>
    <property name="user.name" value="Родин Алексей"/>
    <property name="java.class.path" value="C:\Users\Родин Алексей\AppData\Local\JetBrains\Toolbox\apps\IDEA-U\ch-0\213.7172.25\plugins\maven\lib\maven3\boot\plexus-classworlds-2.6.0.jar;C:\Users\Родин Алексей\AppData\Local\JetBrains\Toolbox\apps\IDEA-U\ch-0\213.7172.25\plugins\maven\lib\maven3\boot\plexus-classworlds.license"/>
    <property name="java.vm.specification.version" value="16"/>
    <property name="sun.arch.data.model" value="64"/>
    <property name="sun.java.command" value="org.codehaus.classworlds.Launcher -Didea.version=2021.3.3 install"/>
    <property name="java.home" value="C:\Users\Родин Алексей\.jdks\corretto-16.0.2"/>
    <property name="user.language" value="ru"/>
    <property name="java.specification.vendor" value="Oracle Corporation"/>
    <property name="java.vm.info" value="mixed mode, sharing"/>
    <property name="java.version" value="16.0.2"/>
    <property name="java.vendor" value="Amazon.com Inc."/>
    <property name="maven.home" value="C:\Users\Родин Алексей\AppData\Local\JetBrains\Toolbox\apps\IDEA-U\ch-0\213.7172.25\plugins\maven\lib\maven3"/>
    <property name="file.separator" value="\"/>
    <property name="java.version.date" value="2021-07-20"/>
    <property name="java.vendor.url.bug" value="https://github.com/corretto/corretto-jdk/issues/"/>
    <property name="sun.io.unicode.encoding" value="UnicodeLittle"/>
    <property name="sun.cpu.endian" value="little"/>
    <property name="java.vendor.version" value="Corretto-16.0.2.7.1"/>
    <property name="sun.cpu.isalist" value="amd64"/>
  </properties>
  <testcase classname="FirstTest" name="FirstTest.testCalculatingSumOfAllDigitsInString_assertEquals" time="0.007"/>
  <testcase classname="FirstTest" name="FirstTest.testCalculatingSumOfAllDigitsInString_assertFalse" time="0.011"/>
  <testcase classname="FirstTest" name="FirstTest.testCalculatingSumOfAllDigitsInString_assertTrue" time="0.002"/>
  <testcase classname="FirstTest" name="FirstTest.testCalculatingSumOfAllDigitsInString_assertNotEquals" time="0.003"/>
  <testcase classname="FirstTest" name="FirstTest.testPlusOperator" time="0"/>
</testsuite>